[2024-12-01 14:11:26] Starting hourly updates
[2024-12-01 14:11:26] Mission assignment completed successfully
[2024-12-01 14:11:26] Updated production capacity for user 7
[2024-12-01 14:11:26] Updated GP for user 7: {"population_gp":261,"land_gp":214748445,"factory_gp":65,"building_gp":140,"military_gp":209,"total_gp":214749120}
[2024-12-01 14:11:26] Updated production capacity for user 8
[2024-12-01 14:11:26] Updated GP for user 8: {"population_gp":60,"land_gp":14,"factory_gp":2,"building_gp":0,"military_gp":0,"total_gp":76}
[2024-12-01 14:11:26] Updated production capacity for user 9
[2024-12-01 14:11:26] Updated GP for user 9: {"population_gp":57,"land_gp":14,"factory_gp":2,"building_gp":0,"military_gp":0,"total_gp":73}
[2024-12-01 14:11:26] Updated production capacity for user 11
[2024-12-01 14:11:26] Updated GP for user 11: {"population_gp":50,"land_gp":14,"factory_gp":2,"building_gp":0,"military_gp":0,"total_gp":66}
[2024-12-01 14:11:26] Hourly updates completed successfully
[2024-12-01 14:11:26] Mobilization states updated successfully
[2024-12-01 14:11:26] Hourly updates completed
[2024-12-01 14:12:27] Starting hourly updates
[2024-12-01 14:12:27] Mission assignment completed successfully
[2024-12-01 14:12:27] Updated production capacity for user 7
[2024-12-01 14:12:27] Updated GP for user 7: {"population_gp":262,"land_gp":214748445,"factory_gp":65,"building_gp":140,"military_gp":209,"total_gp":214749121}
[2024-12-01 14:12:27] Updated production capacity for user 8
[2024-12-01 14:12:27] Updated GP for user 8: {"population_gp":60,"land_gp":14,"factory_gp":2,"building_gp":0,"military_gp":0,"total_gp":76}
[2024-12-01 14:12:27] Updated production capacity for user 9
[2024-12-01 14:12:27] Updated GP for user 9: {"population_gp":57,"land_gp":14,"factory_gp":2,"building_gp":0,"military_gp":0,"total_gp":73}
[2024-12-01 14:12:27] Updated production capacity for user 11
[2024-12-01 14:12:27] Updated GP for user 11: {"population_gp":51,"land_gp":14,"factory_gp":2,"building_gp":0,"military_gp":0,"total_gp":67}
[2024-12-01 14:12:27] Hourly updates completed successfully
[2024-12-01 14:12:27] Mobilization states updated successfully
[2024-12-01 14:12:27] Hourly updates completed
[2024-12-01 14:14:21] Starting hourly updates
[2024-12-01 14:14:21] Mission assignment completed successfully
[2024-12-01 14:14:21] Updated production capacity for user 7
[2024-12-01 14:14:21] Updated GP for user 7: {"population_gp":263,"land_gp":214748445,"factory_gp":65,"building_gp":140,"military_gp":209,"total_gp":214749122}
[2024-12-01 14:14:21] Updated production capacity for user 8
[2024-12-01 14:14:21] Updated GP for user 8: {"population_gp":60,"land_gp":14,"factory_gp":2,"building_gp":0,"military_gp":0,"total_gp":76}
[2024-12-01 14:14:21] Updated production capacity for user 9
[2024-12-01 14:14:21] Updated GP for user 9: {"population_gp":58,"land_gp":14,"factory_gp":2,"building_gp":0,"military_gp":0,"total_gp":74}
[2024-12-01 14:14:21] Updated production capacity for user 11
[2024-12-01 14:14:21] Updated GP for user 11: {"population_gp":51,"land_gp":14,"factory_gp":2,"building_gp":0,"military_gp":0,"total_gp":67}
[2024-12-01 14:14:21] Hourly updates completed successfully
[2024-12-01 14:14:21] Mobilization states updated successfully
[2024-12-01 14:14:21] Hourly updates completed
[2024-12-01 14:30:02] Starting hourly updates
[2024-12-01 14:30:02] Mission assignment completed successfully
[2024-12-01 14:30:02] Updated production capacity for user 7
[2024-12-01 14:30:02] Updated GP for user 7: {"population_gp":265,"land_gp":214748445,"factory_gp":65,"building_gp":140,"military_gp":209,"total_gp":214749124}
[2024-12-01 14:30:02] Updated production capacity for user 8
[2024-12-01 14:30:03] Updated GP for user 8: {"population_gp":60,"land_gp":14,"factory_gp":2,"building_gp":0,"military_gp":0,"total_gp":76}
[2024-12-01 14:30:03] Updated production capacity for user 9
[2024-12-01 14:30:03] Updated GP for user 9: {"population_gp":58,"land_gp":14,"factory_gp":2,"building_gp":0,"military_gp":0,"total_gp":74}
[2024-12-01 14:30:03] Updated production capacity for user 11
[2024-12-01 14:30:03] Updated GP for user 11: {"population_gp":51,"land_gp":14,"factory_gp":2,"building_gp":0,"military_gp":0,"total_gp":67}
[2024-12-01 14:30:03] Hourly updates completed successfully
[2024-12-01 14:30:03] Mobilization states updated successfully
[2024-12-01 14:30:03] Hourly updates completed
[2024-12-01 15:30:02] Starting hourly updates
[2024-12-01 15:30:02] Mission assignment completed successfully
[2024-12-01 15:30:02] Updated production capacity for user 7
[2024-12-01 15:30:02] Updated GP for user 7: {"population_gp":266,"land_gp":214748445,"factory_gp":65,"building_gp":140,"military_gp":209,"total_gp":214749125}
[2024-12-01 15:30:02] Updated production capacity for user 8
[2024-12-01 15:30:02] Updated GP for user 8: {"population_gp":60,"land_gp":14,"factory_gp":2,"building_gp":0,"military_gp":0,"total_gp":76}
[2024-12-01 15:30:02] Updated production capacity for user 9
[2024-12-01 15:30:02] Updated GP for user 9: {"population_gp":58,"land_gp":14,"factory_gp":2,"building_gp":0,"military_gp":0,"total_gp":74}
[2024-12-01 15:30:02] Updated production capacity for user 11
[2024-12-01 15:30:02] Updated GP for user 11: {"population_gp":51,"land_gp":14,"factory_gp":2,"building_gp":0,"military_gp":0,"total_gp":67}
[2024-12-01 15:30:02] Hourly updates completed successfully
[2024-12-01 15:30:02] Mobilization states updated successfully
[2024-12-01 15:30:02] Hourly updates completed
[2024-12-01 16:30:02] Starting hourly updates
[2024-12-01 16:30:02] Mission assignment completed successfully
[2024-12-01 16:30:02] Updated production capacity for user 7
[2024-12-01 16:30:02] Updated GP for user 7: {"population_gp":267,"land_gp":214748445,"factory_gp":65,"building_gp":140,"military_gp":209,"total_gp":214749126}
[2024-12-01 16:30:02] Updated production capacity for user 8
[2024-12-01 16:30:02] Updated GP for user 8: {"population_gp":60,"land_gp":14,"factory_gp":2,"building_gp":0,"military_gp":0,"total_gp":76}
[2024-12-01 16:30:02] Updated production capacity for user 9
[2024-12-01 16:30:02] Updated GP for user 9: {"population_gp":58,"land_gp":14,"factory_gp":2,"building_gp":0,"military_gp":0,"total_gp":74}
[2024-12-01 16:30:02] Updated production capacity for user 11
[2024-12-01 16:30:02] Updated GP for user 11: {"population_gp":52,"land_gp":14,"factory_gp":2,"building_gp":0,"military_gp":0,"total_gp":68}
[2024-12-01 16:30:02] Hourly updates completed successfully
[2024-12-01 16:30:02] Mobilization states updated successfully
[2024-12-01 16:30:02] Hourly updates completed
